C:\USERS\BLACK\DESKTOP\MFC测试\MFC测试\DEBUG\MFC测试.PCH
C:\USERS\BLACK\DESKTOP\MFC测试\MFC测试\DEBUG\STDAFX.OBJ
C:\USERS\BLACK\DESKTOP\MFC测试\MFC测试\DEBUG\VC110.PDB
C:\USERS\BLACK\DESKTOP\MFC测试\MFC测试\DEBUG\MFC测试.OBJ
C:\USERS\BLACK\DESKTOP\MFC测试\MFC测试\DEBUG\MFC测试DLG.OBJ
C:\USERS\BLACK\DESKTOP\MFC测试\MFC测试\DEBUG\MFC测试.RES
C:\Users\black\Desktop\MFC测试\MFC测试\Debug\MFC测试.obj
C:\Users\black\Desktop\MFC测试\MFC测试\Debug\MFC测试Dlg.obj
C:\Users\black\Desktop\MFC测试\MFC测试\Debug\stdafx.obj
C:\Users\black\Desktop\MFC测试\MFC测试\Debug\cl.command.1.tlog
C:\Users\black\Desktop\MFC测试\MFC测试\Debug\CL.read.1.tlog
C:\Users\black\Desktop\MFC测试\MFC测试\Debug\CL.write.1.tlog
C:\Users\black\Desktop\MFC测试\MFC测试\Debug\link-cvtres.read.1.tlog
C:\Users\black\Desktop\MFC测试\MFC测试\Debug\link-cvtres.write.1.tlog
C:\Users\black\Desktop\MFC测试\MFC测试\Debug\link-mt.read.1.tlog
C:\Users\black\Desktop\MFC测试\MFC测试\Debug\link-mt.write.1.tlog
C:\Users\black\Desktop\MFC测试\MFC测试\Debug\link-rc.read.1.tlog
C:\Users\black\Desktop\MFC测试\MFC测试\Debug\link-rc.write.1.tlog
C:\Users\black\Desktop\MFC测试\MFC测试\Debug\link.14048-cvtres.read.1.tlog
C:\Users\black\Desktop\MFC测试\MFC测试\Debug\link.14048-cvtres.write.1.tlog
C:\Users\black\Desktop\MFC测试\MFC测试\Debug\link.14048-mt.read.1.tlog
C:\Users\black\Desktop\MFC测试\MFC测试\Debug\link.14048-mt.write.1.tlog
C:\Users\black\Desktop\MFC测试\MFC测试\Debug\link.14048-rc.read.1.tlog
C:\Users\black\Desktop\MFC测试\MFC测试\Debug\link.14048-rc.write.1.tlog
C:\Users\black\Desktop\MFC测试\MFC测试\Debug\link.14048.read.1.tlog
C:\Users\black\Desktop\MFC测试\MFC测试\Debug\link.14048.write.1.tlog
C:\Users\black\Desktop\MFC测试\MFC测试\Debug\link.14196-cvtres.read.1.tlog
C:\Users\black\Desktop\MFC测试\MFC测试\Debug\link.14196-cvtres.write.1.tlog
C:\Users\black\Desktop\MFC测试\MFC测试\Debug\link.14196-mt.read.1.tlog
C:\Users\black\Desktop\MFC测试\MFC测试\Debug\link.14196-mt.write.1.tlog
C:\Users\black\Desktop\MFC测试\MFC测试\Debug\link.14196-rc.read.1.tlog
C:\Users\black\Desktop\MFC测试\MFC测试\Debug\link.14196-rc.write.1.tlog
C:\Users\black\Desktop\MFC测试\MFC测试\Debug\link.14196.read.1.tlog
C:\Users\black\Desktop\MFC测试\MFC测试\Debug\link.14196.write.1.tlog
C:\Users\black\Desktop\MFC测试\MFC测试\Debug\link.command.1.tlog
C:\Users\black\Desktop\MFC测试\MFC测试\Debug\link.read.1.tlog
C:\Users\black\Desktop\MFC测试\MFC测试\Debug\link.write.1.tlog
C:\Users\black\Desktop\MFC测试\MFC测试\Debug\rc.command.1.tlog
C:\Users\black\Desktop\MFC测试\MFC测试\Debug\rc.read.1.tlog
C:\Users\black\Desktop\MFC测试\MFC测试\Debug\rc.write.1.tlog
C:\Users\black\Desktop\MFC测试\MFC测试\Debug\MFC测试.res
C:\Users\black\Desktop\MFC测试\MFC测试\Debug\MFC测试.pch
C:\Users\black\Desktop\MFC测试\MFC测试\Debug\vc110.idb
C:\Users\black\Desktop\MFC测试\MFC测试\Debug\vc110.pdb
C:\Users\black\Desktop\MFC测试\Debug\MFC测试.pdb
