C:\USERS\BLACK\DESKTOP\机械设计及其自动化毕业设计\MFC测试\MFC测试\RELEASE\MFC测试.PCH
C:\USERS\BLACK\DESKTOP\机械设计及其自动化毕业设计\MFC测试\MFC测试\RELEASE\STDAFX.OBJ
C:\USERS\BLACK\DESKTOP\机械设计及其自动化毕业设计\MFC测试\MFC测试\RELEASE\VC110.PDB
C:\USERS\BLACK\DESKTOP\机械设计及其自动化毕业设计\MFC测试\MFC测试\RELEASE\MFC测试DLG.OBJ
C:\USERS\BLACK\DESKTOP\机械设计及其自动化毕业设计\MFC测试\MFC测试\RELEASE\MFC测试.OBJ
C:\USERS\BLACK\DESKTOP\机械设计及其自动化毕业设计\MFC测试\RELEASE\MFC测试.EXE
C:\USERS\BLACK\DESKTOP\机械设计及其自动化毕业设计\MFC测试\RELEASE\MFC测试.PDB
C:\USERS\BLACK\DESKTOP\机械设计及其自动化毕业设计\MFC测试\MFC测试\RELEASE\MFC测试.RES
C:\Users\black\Desktop\机械设计及其自动化毕业设计\MFC测试\MFC测试\Release\MFC测试.obj
C:\Users\black\Desktop\机械设计及其自动化毕业设计\MFC测试\MFC测试\Release\MFC测试Dlg.obj
C:\Users\black\Desktop\机械设计及其自动化毕业设计\MFC测试\MFC测试\Release\stdafx.obj
C:\Users\black\Desktop\机械设计及其自动化毕业设计\MFC测试\MFC测试\Release\cl.command.1.tlog
C:\Users\black\Desktop\机械设计及其自动化毕业设计\MFC测试\MFC测试\Release\CL.read.1.tlog
C:\Users\black\Desktop\机械设计及其自动化毕业设计\MFC测试\MFC测试\Release\CL.write.1.tlog
C:\Users\black\Desktop\机械设计及其自动化毕业设计\MFC测试\MFC测试\Release\link-cvtres.read.1.tlog
C:\Users\black\Desktop\机械设计及其自动化毕业设计\MFC测试\MFC测试\Release\link-cvtres.write.1.tlog
C:\Users\black\Desktop\机械设计及其自动化毕业设计\MFC测试\MFC测试\Release\link-mt.read.1.tlog
C:\Users\black\Desktop\机械设计及其自动化毕业设计\MFC测试\MFC测试\Release\link-mt.write.1.tlog
C:\Users\black\Desktop\机械设计及其自动化毕业设计\MFC测试\MFC测试\Release\link-rc.read.1.tlog
C:\Users\black\Desktop\机械设计及其自动化毕业设计\MFC测试\MFC测试\Release\link-rc.write.1.tlog
C:\Users\black\Desktop\机械设计及其自动化毕业设计\MFC测试\MFC测试\Release\link.command.1.tlog
C:\Users\black\Desktop\机械设计及其自动化毕业设计\MFC测试\MFC测试\Release\link.read.1.tlog
C:\Users\black\Desktop\机械设计及其自动化毕业设计\MFC测试\MFC测试\Release\link.write.1.tlog
C:\Users\black\Desktop\机械设计及其自动化毕业设计\MFC测试\MFC测试\Release\rc.command.1.tlog
C:\Users\black\Desktop\机械设计及其自动化毕业设计\MFC测试\MFC测试\Release\rc.read.1.tlog
C:\Users\black\Desktop\机械设计及其自动化毕业设计\MFC测试\MFC测试\Release\rc.write.1.tlog
C:\Users\black\Desktop\机械设计及其自动化毕业设计\MFC测试\MFC测试\Release\MFC测试.res
C:\Users\black\Desktop\机械设计及其自动化毕业设计\MFC测试\MFC测试\Release\MFC测试.pch
C:\Users\black\Desktop\机械设计及其自动化毕业设计\MFC测试\MFC测试\Release\vc110.pdb
C:\Users\black\Desktop\机械设计及其自动化毕业设计\MFC测试\Release\MFC测试.pdb
C:\Users\black\Desktop\机械设计及其自动化毕业设计\MFC测试\Release\MFC测试.exe
